<?xml version="1.0" encoding="UTF-8"?>
<testng-results ignored="0" total="2" passed="2" failed="0" skipped="0">
  <reporter-output>
  </reporter-output>
  <suite started-at="2025-09-15T15:18:00 IST" name="Default suite" finished-at="2025-09-15T15:20:21 IST" duration-ms="140673">
    <groups>
      <group name="cucumber">
        <method signature="AbstractTestNGCucumberTests.runScenario(io.cucumber.testng.PickleWrapper,io.cucumber.testng.FeatureWrapper)[pri:0, instance:runners.Checkoutrunner@66d18979]" name="runScenario" class="io.cucumber.testng.AbstractTestNGCucumberTests"/>
      </group> <!-- cucumber -->
    </groups>
    <test started-at="2025-09-15T15:18:00 IST" name="Default test" finished-at="2025-09-15T15:20:21 IST" duration-ms="140673">
      <class name="runners.Checkoutrunner">
        <test-method is-config="true" signature="setUpClass(org.testng.ITestContext)[pri:0, instance:runners.Checkoutrunner@66d18979]" started-at="2025-09-15T15:18:00 IST" name="setUpClass" finished-at="2025-09-15T15:18:02 IST" duration-ms="2225" status="PASS">
          <params>
            <param index="0">
              <value>
                <![CDATA[org.testng.TestRunner@322ba549]]>
              </value>
            </param>
          </params>
          <reporter-output>
          </reporter-output>
        </test-method> <!-- setUpClass -->
        <test-method signature="runScenario(io.cucumber.testng.PickleWrapper,io.cucumber.testng.FeatureWrapper)[pri:0, instance:runners.Checkoutrunner@66d18979]" started-at="2025-09-15T15:18:02 IST" name="runScenario" description="Runs Cucumber Scenarios" data-provider="scenarios" finished-at="2025-09-15T15:19:18 IST" duration-ms="75660" status="PASS">
          <params>
            <param index="0">
              <value>
                <![CDATA["Add vegetables to cart and checkout with valid promo"]]>
              </value>
            </param>
            <param index="1">
              <value>
                <![CDATA["E-Commerce Checkout Automation"]]>
              </value>
            </param>
          </params>
          <reporter-output>
          </reporter-output>
        </test-method> <!-- runScenario -->
        <test-method signature="runScenario(io.cucumber.testng.PickleWrapper,io.cucumber.testng.FeatureWrapper)[pri:0, instance:runners.Checkoutrunner@66d18979]" started-at="2025-09-15T15:19:18 IST" name="runScenario" description="Runs Cucumber Scenarios" data-provider="scenarios" finished-at="2025-09-15T15:20:20 IST" duration-ms="62456" status="PASS">
          <params>
            <param index="0">
              <value>
                <![CDATA["Handle invalid promo code"]]>
              </value>
            </param>
            <param index="1">
              <value>
                <![CDATA["E-Commerce Checkout Automation"]]>
              </value>
            </param>
          </params>
          <reporter-output>
          </reporter-output>
        </test-method> <!-- runScenario -->
        <test-method is-config="true" signature="tearDownClass()[pri:0, instance:runners.Checkoutrunner@66d18979]" started-at="2025-09-15T15:20:20 IST" name="tearDownClass" finished-at="2025-09-15T15:20:21 IST" duration-ms="175" status="PASS">
          <reporter-output>
          </reporter-output>
        </test-method> <!-- tearDownClass -->
      </class> <!-- runners.Checkoutrunner -->
    </test> <!-- Default test -->
  </suite> <!-- Default suite -->
</testng-results>
